<?xml version="1.0" encoding="UTF-8"?>
<testng-results ignored="0" total="1" passed="1" failed="0" skipped="0">
  <reporter-output>
  </reporter-output>
  <suite started-at="2021-12-19T13:50:04 IST" name="Default suite" finished-at="2021-12-19T13:50:04 IST" duration-ms="93">
    <groups>
    </groups>
    <test started-at="2021-12-19T13:50:04 IST" name="Default test" finished-at="2021-12-19T13:50:04 IST" duration-ms="93">
      <class name="SeleniumConcepts.NewTest">
        <test-method signature="f()[pri:0, instance:SeleniumConcepts.NewTest@61d6015a]" started-at="2021-12-19T13:50:04 IST" name="f" finished-at="2021-12-19T13:50:04 IST" duration-ms="15" status="PASS">
          <reporter-output>
          </reporter-output>
        </test-method> <!-- f -->
      </class> <!-- SeleniumConcepts.NewTest -->
    </test> <!-- Default test -->
  </suite> <!-- Default suite -->
</testng-results>
